build/app/outputs/mapping/release/seeds.txt
androidx.window.layout.FoldingFeature$State
androidx.window.layout.SidecarCompat$DistinctElementCallback: androidx.window.layout.ExtensionInterfaceCompat$ExtensionCallbackInterface callbackInterface
kotlinx.coroutines.CancelledContinuation: int _resumed
androidx.window.layout.SidecarWindowBackend: java.util.concurrent.locks.ReentrantLock access$getGlobalLock$cp()
io.flutter.embedding.engine.mutatorsstack.FlutterMutatorsStack$FlutterMutatorType: io.flutter.embedding.engine.mutatorsstack.FlutterMutatorsStack$FlutterMutatorType[] values()
androidx.window.embedding.ExtensionEmbeddingBackend: void getSplitChangeCallbacks$annotations()
androidx.window.embedding.ActivityRule: ActivityRule(java.util.Set,boolean,int,kotlin.jvm.internal.DefaultConstructorMarker)
androidx.window.embedding.ActivityStack: java.util.List getActivities$window_release()
androidx.window.layout.ActivityCompatHelperApi24
androidx.window.layout.SidecarWindowBackend: void registerLayoutChangeCallback(android.app.Activity,java.util.concurrent.Executor,androidx.core.util.Consumer)
androidx.window.embedding.SplitRuleParser
androidx.window.layout.WindowMetricsCalculatorCompat
androidx.window.layout.SidecarCompat: androidx.window.sidecar.SidecarInterface getSidecar()
androidx.window.layout.FoldingFeature$State$Companion: FoldingFeature$State$Companion(kotlin.jvm.internal.DefaultConstructorMarker)
androidx.window.embedding.EmbeddingCompat: void setEmbeddingCallback(androidx.window.embedding.EmbeddingInterfaceCompat$EmbeddingCallbackInterface)
androidx.window.core.Version: androidx.window.core.Version CURRENT
io.flutter.embedding.engine.FlutterOverlaySurface: int id
androidx.window.layout.DisplayCompatHelperApi28
kotlin.coroutines.jvm.internal.BaseContinuationImpl: kotlin.coroutines.Continuation create(java.lang.Object,kotlin.coroutines.Continuation)
androidx.versionedparcelable.CustomVersionedParcelable
io.flutter.embedding.engine.FlutterJNI: void asyncWaitForVsync(long)
androidx.window.layout.SidecarCompat$DistinctElementCallback: void onWindowLayoutChanged(android.app.Activity,androidx.window.layout.WindowLayoutInfo)
androidx.window.layout.SidecarCompat: void unregisterComponentCallback(android.app.Activity)
androidx.window.layout.SidecarCompat: androidx.window.layout.SidecarCompat$Companion Companion
androidx.window.java.layout.WindowInfoTrackerCallbackAdapter
kotlinx.coroutines.internal.LockFreeLinkedListHead
kotlin.jvm.internal.FunctionReference: boolean isInline()
androidx.window.layout.SidecarCompat$Companion: SidecarCompat$Companion(kotlin.jvm.internal.DefaultConstructorMarker)
io.flutter.embedding.android.FlutterView: void setWindowInfoListenerDisplayFeatures(androidx.window.layout.WindowLayoutInfo)
androidx.core.app.RemoteActionCompat: RemoteActionCompat()
io.flutter.embedding.engine.FlutterJNI: boolean isCodePointRegionalIndicator(int)
io.flutter.embedding.engine.FlutterJNI: boolean nativeFlutterTextUtilsIsEmoji(int)
kotlinx.coroutines.android.AndroidExceptionPreHandler: java.lang.reflect.Method preHandler()
kotlinx.coroutines.android.AndroidExceptionPreHandler: java.lang.Object _preHandler
androidx.core.app.CoreComponentFactory
io.flutter.view.FlutterCallbackInformation: FlutterCallbackInformation(java.lang.String,java.lang.String,java.lang.String)
androidx.window.layout.FoldingFeature$Orientation
kotlin.jvm.internal.FunctionReference: kotlin.reflect.KCallable computeReflected()
androidx.window.layout.SidecarAdapter$Companion: int getRawSidecarDevicePosture(androidx.window.sidecar.SidecarDeviceState)
androidx.window.layout.SidecarWindowBackend$WindowLayoutChangeCallbackWrapper: android.app.Activity getActivity()
androidx.window.embedding.EmbeddingTranslatingCallback: androidx.window.embedding.EmbeddingAdapter adapter
androidx.window.embedding.SplitController: void registerRule(androidx.window.embedding.EmbeddingRule)
androidx.window.embedding.EmbeddingAdapter: java.util.function.Predicate translateActivityPairPredicates(java.util.Set)