build/app/outputs/mapping/release/mapping.txt
# compiler: R8
# compiler_version: 2.0.88
# min_api: 16
# pg_map_id: 11d137f
# common_typos_disable
...
io.flutter.embedding.engine.systemchannels.PlatformChannel$HapticFeedbackType -> io.flutter.embedding.engine.j.j$g:
    io.flutter.embedding.engine.systemchannels.PlatformChannel$HapticFeedbackType SELECTION_CLICK -> i
    io.flutter.embedding.engine.systemchannels.PlatformChannel$HapticFeedbackType MEDIUM_IMPACT -> g
    io.flutter.embedding.engine.systemchannels.PlatformChannel$HapticFeedbackType HEAVY_IMPACT -> h
    io.flutter.embedding.engine.systemchannels.PlatformChannel$HapticFeedbackType STANDARD -> e
    io.flutter.embedding.engine.systemchannels.PlatformChannel$HapticFeedbackType[] $VALUES -> j
    io.flutter.embedding.engine.systemchannels.PlatformChannel$HapticFeedbackType LIGHT_IMPACT -> f
    java.lang.String encodedName -> d
    io.flutter.embedding.engine.systemchannels.PlatformChannel$HapticFeedbackType fromValue(java.lang.String) -> a
io.flutter.embedding.engine.systemchannels.PlatformChannel$PlatformMessageHandler -> io.flutter.embedding.engine.j.j$h:
    void popSystemNavigator() -> b
    void setSystemUiChangeListener() -> c
    void setPreferredOrientations(int) -> d
    void setApplicationSwitcherDescription(io.flutter.embedding.engine.systemchannels.PlatformChannel$AppSwitcherDescription) -> e
    void vibrateHapticFeedback(io.flutter.embedding.engine.systemchannels.PlatformChannel$HapticFeedbackType) -> f
    void showSystemOverlays(java.util.List) -> g
    void restoreSystemUiOverlays() -> h
    void setClipboardData(java.lang.String) -> i
    boolean clipboardHasStrings() -> j
    void playSystemSound(io.flutter.embedding.engine.systemchannels.PlatformChannel$SoundType) -> k
    java.lang.CharSequence getClipboardData(io.flutter.embedding.engine.systemchannels.PlatformChannel$ClipboardContentFormat) -> l
    void setSystemUiOverlayStyle(io.flutter.embedding.engine.systemchannels.PlatformChannel$SystemChromeStyle) -> m
    void showSystemUiMode(io.flutter.embedding.engine.systemchannels.PlatformChannel$SystemUiMode) -> n
io.flutter.embedding.engine.systemchannels.PlatformChannel$SoundType -> io.flutter.embedding.engine.j.j$i:
    io.flutter.embedding.engine.systemchannels.PlatformChannel$SoundType CLICK -> e
    io.flutter.embedding.engine.systemchannels.PlatformChannel$SoundType[] $VALUES -> g
    io.flutter.embedding.engine.systemchannels.PlatformChannel$SoundType ALERT -> f
    java.lang.String encodedName -> d
    io.flutter.embedding.engine.systemchannels.PlatformChannel$SoundType fromValue(java.lang.String) -> a
io.flutter.embedding.engine.systemchannels.PlatformChannel$SystemChromeStyle -> io.flutter.embedding.engine.j.j$j:
    java.lang.Boolean systemNavigationBarContrastEnforced -> g
    java.lang.Integer systemNavigationBarColor -> d
    java.lang.Integer systemNavigationBarDividerColor -> f
    io.flutter.embedding.engine.systemchannels.PlatformChannel$Brightness systemNavigationBarIconBrightness -> e
    io.flutter.embedding.engine.systemchannels.PlatformChannel$Brightness statusBarIconBrightness -> b
    java.lang.Boolean systemStatusBarContrastEnforced -> c
    java.lang.Integer statusBarColor -> a
io.flutter.embedding.engine.systemchannels.PlatformChannel$SystemUiMode -> io.flutter.embedding.engine.j.j$k:
    io.flutter.embedding.engine.systemchannels.PlatformChannel$SystemUiMode IMMERSIVE -> f
    io.flutter.embedding.engine.systemchannels.PlatformChannel$SystemUiMode LEAN_BACK -> e
    io.flutter.embedding.engine.systemchannels.PlatformChannel$SystemUiMode[] $VALUES -> i
    io.flutter.embedding.engine.systemchannels.PlatformChannel$SystemUiMode EDGE_TO_EDGE -> h
    io.flutter.embedding.engine.systemchannels.PlatformChannel$SystemUiMode IMMERSIVE_STICKY -> g
    java.lang.String encodedName -> d
    io.flutter.embedding.engine.systemchannels.PlatformChannel$SystemUiMode fromValue(java.lang.String) -> a