build/app/outputs/mapping/release/usage.txt
io.flutter.view.FlutterView$SurfaceTextureRegistryEntry$1
kotlinx.coroutines.CompletionHandler_commonKt
kotlinx.coroutines.flow.FlowKt__ZipKt$combine$$inlined$unsafeFlow$1
androidx.fragment.app.FragmentTabHost$DummyTabFactory
kotlinx.coroutines.flow.FlowKt__ZipKt$combine$6$2
kotlin.collections.ArraysKt___ArraysKt$withIndex$9
androidx.fragment.R$id
androidx.activity.R$string
kotlin.system.TimingKt
androidx.lifecycle.SingleGeneratedAdapterObserver:
    void <init>(androidx.lifecycle.GeneratedAdapter)
kotlin.io.path.PathsKt__PathUtilsKt
kotlinx.coroutines.debug.internal.DebugProbesImpl
androidx.core.view.WindowInsetsControllerCompat$OnControllableInsetsChangedListener
kotlin.jvm.internal.ArrayCharIterator
androidx.lifecycle.ComputableLiveData$1
kotlin.sequences.SequencesKt__SequencesKt$generateSequence$1
kotlin.text.SystemProperties
kotlinx.coroutines.CompletableDeferred$DefaultImpls
kotlinx.coroutines.debug.internal.ConcurrentWeakMapKt
androidx.core.app.NotificationCompat$Builder
androidx.fragment.app.FragmentManagerImpl$StartEnterTransitionListener
androidx.core.content.ContextCompat$Api24Impl
io.flutter.plugin.platform.PlatformPlugin:
    public void <init>(android.app.Activity,io.flutter.embedding.engine.systemchannels.PlatformChannel)
    public static final int DEFAULT_SYSTEM_UI
    private static final java.lang.String TAG
kotlinx.coroutines.flow.FlowKt__LimitKt$drop$lambda-2$$inlined$collect$1
kotlin.collections.AbstractList$ListIteratorImpl
androidx.core.graphics.TypefaceCompatApi21Impl
kotlinx.coroutines.JobImpl:
    public boolean complete()
    public boolean completeExceptionally(java.lang.Throwable)
kotlin.text.MatchResult$DefaultImpls
androidx.lifecycle.LiveData$1
io.flutter.embedding.engine.loader.ResourceExtractor$ExtractTask
kotlinx.coroutines.flow.FlowKt__BuildersKt$asFlow$$inlined$unsafeFlow$8$1
kotlin.properties.ReadWriteProperty
androidx.loader.content.ModernAsyncTask$Status
kotlinx.coroutines.channels.ChannelsKt__DeprecatedKt$requireNoNulls$1
androidx.core.view.ViewCompat
kotlinx.coroutines.flow.CancellableFlow
androidx.fragment.app.FragmentManagerImpl$FragmentTag
kotlinx.coroutines.channels.ChannelsKt__DeprecatedKt$filterNotNullTo$1
androidx.core.os.CancellationSignal
androidx.core.app.NotificationCompat$BadgeIconType
kotlinx.coroutines.selects.SelectKt
kotlinx.coroutines.flow.FlowKt__LimitKt$take$lambda-7$$inlined$collect$1
org.jetbrains.annotations.NotNull
kotlinx.coroutines.internal.ScopeCoroutine:
    public void <init>(kotlin.coroutines.CoroutineContext,kotlin.coroutines.Continuation)
kotlinx.coroutines.flow.FlowKt__LimitKt$takeWhile$lambda-9$$inlined$collectWhile$1
kotlinx.coroutines.flow.FlowKt__DelayKt$sample$2$1$1
kotlin.comparisons.ComparisonsKt__ComparisonsKt$thenByDescending$1
androidx.fragment.app.FragmentState
android.support.v4.os.IResultReceiver$Stub
androidx.core.view.ViewCompat$CompatImplApi28$1
kotlin.text.RegexOption
android.support.v4.app.INotificationSideChannel$Stub$Proxy
androidx.lifecycle.MediatorLiveData
kotlin.ULongKt
kotlin.jvm.internal.ArrayFloatIterator
io.flutter.embedding.engine.dart.DartMessenger:
    public io.flutter.plugin.common.BinaryMessenger$TaskQueue makeBackgroundTaskQueue(io.flutter.plugin.common.BinaryMessenger$TaskQueueOptions)
    public void enableBufferingIncomingMessages()
    public void disableBufferingIncomingMessages()
    public void send(java.lang.String,java.nio.ByteBuffer)
    public int getPendingChannelResponseCount()
    private static final java.lang.String TAG
kotlinx.coroutines.internal.ConcurrentLinkedListNode
androidx.core.provider.FontProvider$1
androidx.loader.R$string
kotlin.streams.jdk8.StreamsKt$asSequence$$inlined$Sequence$4
androidx.lifecycle.ClassesInfoCache$MethodReference
androidx.core.os.LocaleListCompat
kotlinx.coroutines.selects.UnbiasedSelectBuilderImpl$invoke$2